SF:C:\Users\Полина\new\SpaceBattle.Lib\Vector.cs
FN:22,System.String VectorSpaceBattle.Vector::ToString()
FNDA:1,System.String VectorSpaceBattle.Vector::ToString()
DA:23,1
DA:24,1
DA:26,4
DA:27,1
DA:28,1
DA:29,1
DA:31,1
DA:33,1
DA:34,1
BRDA:26,59,1,1
BRDA:26,59,0,1
FN:36,System.Boolean VectorSpaceBattle.Vector::Equals(System.Object)
FNDA:6,System.Boolean VectorSpaceBattle.Vector::Equals(System.Object)
DA:37,6
DA:38,6
DA:39,6
FN:41,System.Int32 VectorSpaceBattle.Vector::GetHashCode()
FNDA:1,System.Int32 VectorSpaceBattle.Vector::GetHashCode()
DA:42,1
DA:43,1
DA:44,1
FN:49,System.Int32 VectorSpaceBattle.Vector::get_Item(System.Int32)
FNDA:65,System.Int32 VectorSpaceBattle.Vector::get_Item(System.Int32)
DA:50,65
DA:51,65
DA:52,64
FN:53,System.Void VectorSpaceBattle.Vector::set_Item(System.Int32,System.Int32)
FNDA:1,System.Void VectorSpaceBattle.Vector::set_Item(System.Int32,System.Int32)
DA:54,1
DA:55,1
DA:56,1
FN:59,VectorSpaceBattle.Vector VectorSpaceBattle.Vector::op_Addition(VectorSpaceBattle.Vector,VectorSpaceBattle.Vector)
FNDA:3,VectorSpaceBattle.Vector VectorSpaceBattle.Vector::op_Addition(VectorSpaceBattle.Vector,VectorSpaceBattle.Vector)
DA:60,3
DA:61,3
DA:62,1
DA:63,1
DA:66,2
DA:67,2
DA:69,12
DA:70,4
DA:71,4
DA:72,4
DA:73,2
DA:75,2
BRDA:61,20,0,1
BRDA:61,20,1,2
BRDA:69,81,1,4
BRDA:69,81,0,2
FN:77,VectorSpaceBattle.Vector VectorSpaceBattle.Vector::op_Subtraction(VectorSpaceBattle.Vector,VectorSpaceBattle.Vector)
FNDA:2,VectorSpaceBattle.Vector VectorSpaceBattle.Vector::op_Subtraction(VectorSpaceBattle.Vector,VectorSpaceBattle.Vector)
DA:78,2
DA:79,2
DA:80,1
DA:81,1
DA:84,1
DA:85,1
DA:87,8
DA:88,3
DA:89,3
DA:90,3
DA:91,1
DA:93,1
BRDA:79,20,0,1
BRDA:79,20,1,1
BRDA:87,81,1,3
BRDA:87,81,0,1
FN:95,VectorSpaceBattle.Vector VectorSpaceBattle.Vector::op_Multiply(System.Int32,VectorSpaceBattle.Vector)
FNDA:1,VectorSpaceBattle.Vector VectorSpaceBattle.Vector::op_Multiply(System.Int32,VectorSpaceBattle.Vector)
DA:96,1
DA:97,1
DA:99,8
DA:100,3
DA:101,3
DA:102,3
DA:103,1
DA:104,1
BRDA:99,46,1,3
BRDA:99,46,0,1
FN:106,System.Boolean VectorSpaceBattle.Vector::op_Equality(VectorSpaceBattle.Vector,VectorSpaceBattle.Vector)
FNDA:11,System.Boolean VectorSpaceBattle.Vector::op_Equality(VectorSpaceBattle.Vector,VectorSpaceBattle.Vector)
DA:107,11
DA:108,11
DA:109,4
DA:110,4
DA:112,32
DA:113,13
DA:114,13
DA:115,4
DA:116,4
DA:118,9
DA:119,3
DA:120,11
BRDA:108,20,0,4
BRDA:108,20,1,7
BRDA:112,78,1,13
BRDA:114,53,0,4
BRDA:114,53,1,9
BRDA:112,78,0,3
FN:122,System.Boolean VectorSpaceBattle.Vector::op_Inequality(VectorSpaceBattle.Vector,VectorSpaceBattle.Vector)
FNDA:2,System.Boolean VectorSpaceBattle.Vector::op_Inequality(VectorSpaceBattle.Vector,VectorSpaceBattle.Vector)
DA:123,2
DA:124,2
DA:125,1
DA:126,1
DA:128,1
DA:129,2
BRDA:124,10,0,1
BRDA:124,10,1,1
FN:131,System.Boolean VectorSpaceBattle.Vector::op_LessThan(VectorSpaceBattle.Vector,VectorSpaceBattle.Vector)
FNDA:7,System.Boolean VectorSpaceBattle.Vector::op_LessThan(VectorSpaceBattle.Vector,VectorSpaceBattle.Vector)
DA:132,7
DA:133,7
DA:134,1
DA:135,1
DA:138,6
DA:139,1
DA:140,1
DA:142,26
DA:143,9
DA:144,9
DA:145,1
DA:146,1
DA:148,8
DA:149,4
DA:150,7
BRDA:133,10,0,1
BRDA:133,10,1,6
BRDA:138,33,0,1
BRDA:138,33,1,5
BRDA:142,90,1,9
BRDA:144,65,0,1
BRDA:144,65,1,8
BRDA:142,90,0,4
FN:152,System.Boolean VectorSpaceBattle.Vector::op_GreaterThan(VectorSpaceBattle.Vector,VectorSpaceBattle.Vector)
FNDA:2,System.Boolean VectorSpaceBattle.Vector::op_GreaterThan(VectorSpaceBattle.Vector,VectorSpaceBattle.Vector)
DA:153,2
DA:154,2
DA:155,2
FN:7,System.Void VectorSpaceBattle.Vector::.ctor(System.Int32[])
FNDA:58,System.Void VectorSpaceBattle.Vector::.ctor(System.Int32[])
DA:8,58
DA:9,58
DA:10,58
DA:11,1
DA:12,1
DA:14,57
DA:15,57
DA:16,362
DA:17,124
DA:18,124
DA:19,124
DA:20,57
BRDA:10,15,0,1
BRDA:10,15,1,57
BRDA:16,87,1,124
BRDA:16,87,0,57
LF:101
LH:101
BRF:32
BRH:32
FNF:13
FNH:13
end_of_record
SF:C:\Users\Полина\new\SpaceBattle.Lib\ActionCommand.cs
FN:12,System.Void SpaceBattle.Lib.ActionCommand::Execute()
FNDA:20,System.Void SpaceBattle.Lib.ActionCommand::Execute()
DA:13,20
DA:14,20
DA:15,20
FN:6,System.Void SpaceBattle.Lib.ActionCommand::.ctor(System.Action)
FNDA:25,System.Void SpaceBattle.Lib.ActionCommand::.ctor(System.Action)
DA:7,25
DA:8,25
DA:9,25
DA:11,25
LF:7
LH:7
BRF:0
BRH:0
FNF:2
FNH:2
end_of_record
SF:C:\Users\Полина\new\SpaceBattle.Lib\AddCommand.cs
FN:4,SpaceBattle.Lib.ICommand SpaceBattle.Lib.AddCommand::get_command()
FNDA:3,SpaceBattle.Lib.ICommand SpaceBattle.Lib.AddCommand::get_command()
DA:5,3
FN:5,System.Collections.Generic.Queue`1<SpaceBattle.Lib.ICommand> SpaceBattle.Lib.AddCommand::get_queue()
FNDA:6,System.Collections.Generic.Queue`1<SpaceBattle.Lib.ICommand> SpaceBattle.Lib.AddCommand::get_queue()
DA:6,6
FN:13,System.Void SpaceBattle.Lib.AddCommand::Execute()
FNDA:3,System.Void SpaceBattle.Lib.AddCommand::Execute()
DA:14,3
DA:15,3
DA:16,3
DA:17,3
FN:6,System.Void SpaceBattle.Lib.AddCommand::.ctor(SpaceBattle.Lib.ICommand,System.Collections.Generic.Queue`1<SpaceBattle.Lib.ICommand>)
FNDA:3,System.Void SpaceBattle.Lib.AddCommand::.ctor(SpaceBattle.Lib.ICommand,System.Collections.Generic.Queue`1<SpaceBattle.Lib.ICommand>)
DA:7,3
DA:8,3
DA:9,3
DA:10,3
DA:11,3
LF:11
LH:11
BRF:0
BRH:0
FNF:4
FNH:4
end_of_record
SF:C:\Users\Полина\new\SpaceBattle.Lib\HardStop.cs
FN:10,System.Void SpaceBattle.Lib.HardStop::Execute()
FNDA:2,System.Void SpaceBattle.Lib.HardStop::Execute()
DA:11,2
DA:12,2
DA:13,2
DA:14,2
FN:5,System.Void SpaceBattle.Lib.HardStop::.ctor(SpaceBattle.Lib.ServerThread)
FNDA:2,System.Void SpaceBattle.Lib.HardStop::.ctor(SpaceBattle.Lib.ServerThread)
DA:6,2
DA:7,2
DA:8,2
DA:9,2
LF:8
LH:8
BRF:0
BRH:0
FNF:2
FNH:2
end_of_record
SF:C:\Users\Полина\new\SpaceBattle.Lib\MacroCommand.cs
FN:4,System.Collections.Generic.List`1<SpaceBattle.Lib.ICommand> SpaceBattle.Lib.MacroCommand::get_commands()
FNDA:3,System.Collections.Generic.List`1<SpaceBattle.Lib.ICommand> SpaceBattle.Lib.MacroCommand::get_commands()
DA:5,3
FN:10,System.Void SpaceBattle.Lib.MacroCommand::Execute()
FNDA:1,System.Void SpaceBattle.Lib.MacroCommand::Execute()
DA:11,1
DA:12,7
DA:13,2
DA:14,2
DA:15,2
DA:16,1
BRDA:12,40,1,2
BRDA:12,40,0,1
FN:5,System.Void SpaceBattle.Lib.MacroCommand::.ctor(System.Collections.Generic.List`1<SpaceBattle.Lib.ICommand>)
FNDA:4,System.Void SpaceBattle.Lib.MacroCommand::.ctor(System.Collections.Generic.List`1<SpaceBattle.Lib.ICommand>)
DA:6,4
DA:7,2
DA:8,2
LF:10
LH:10
BRF:2
BRH:2
FNF:3
FNH:3
end_of_record
SF:C:\Users\Полина\new\SpaceBattle.Lib\MacroStrategy.cs
FN:7,SpaceBattle.Lib.ICommand SpaceBattle.Lib.MacroStrategy::MacroStrategyCommand(System.Object[])
FNDA:1,SpaceBattle.Lib.ICommand SpaceBattle.Lib.MacroStrategy::MacroStrategyCommand(System.Object[])
DA:8,1
DA:9,1
DA:10,1
DA:12,1
DA:13,1
DA:15,5
DA:16,1
DA:17,1
DA:18,1
DA:20,1
DA:21,1
BRDA:15,120,1,1
BRDA:15,120,0,1
LF:11
LH:11
BRF:2
BRH:2
FNF:1
FNH:1
end_of_record
SF:C:\Users\Полина\new\SpaceBattle.Lib\MovableAdapter.cs
FN:7,System.Void SpaceBattle.Lib.MovableAdapter::set_position(VectorSpaceBattle.Vector)
FNDA:6,System.Void SpaceBattle.Lib.MovableAdapter::set_position(VectorSpaceBattle.Vector)
DA:8,6
FN:8,VectorSpaceBattle.Vector SpaceBattle.Lib.MovableAdapter::get_velocity()
FNDA:3,VectorSpaceBattle.Vector SpaceBattle.Lib.MovableAdapter::get_velocity()
DA:9,3
FN:9,System.Void SpaceBattle.Lib.MovableAdapter::.ctor(System.Object[])
FNDA:8,System.Void SpaceBattle.Lib.MovableAdapter::.ctor(System.Object[])
DA:10,8
DA:11,4
DA:12,4
DA:13,4
DA:14,4
LF:7
LH:7
BRF:0
BRH:0
FNF:3
FNH:3
end_of_record
SF:C:\Users\Полина\new\SpaceBattle.Lib\MoveCommand.cs
FN:10,System.Void SpaceBattle.Lib.MoveCommand::Execute()
FNDA:5,System.Void SpaceBattle.Lib.MoveCommand::Execute()
DA:11,5
DA:12,5
DA:13,2
FN:5,System.Void SpaceBattle.Lib.MoveCommand::.ctor(SpaceBattle.Lib.IMovable)
FNDA:6,System.Void SpaceBattle.Lib.MoveCommand::.ctor(SpaceBattle.Lib.IMovable)
DA:6,6
DA:7,6
DA:8,6
DA:9,6
LF:7
LH:7
BRF:0
BRH:0
FNF:2
FNH:2
end_of_record
SF:C:\Users\Полина\new\SpaceBattle.Lib\ServerThread.cs
FN:24,System.Void SpaceBattle.Lib.ServerThread::HandleCommand()
FNDA:12,System.Void SpaceBattle.Lib.ServerThread::HandleCommand()
DA:25,12
DA:26,12
DA:27,12
DA:28,12
FN:30,System.Void SpaceBattle.Lib.ServerThread::UpdateBehaviour(System.Action)
FNDA:3,System.Void SpaceBattle.Lib.ServerThread::UpdateBehaviour(System.Action)
DA:31,3
DA:32,3
DA:33,3
FN:35,System.Void SpaceBattle.Lib.ServerThread::Stop()
FNDA:2,System.Void SpaceBattle.Lib.ServerThread::Stop()
DA:36,2
DA:37,2
DA:38,2
FN:38,System.Void SpaceBattle.Lib.ServerThread::Execute()
FNDA:2,System.Void SpaceBattle.Lib.ServerThread::Execute()
DA:39,2
DA:40,2
DA:41,2
FN:11,System.Void SpaceBattle.Lib.ServerThread::<.ctor>b__4_0()
FNDA:8,System.Void SpaceBattle.Lib.ServerThread::<.ctor>b__4_0()
DA:12,8
DA:13,6
DA:14,8
FN:16,System.Void SpaceBattle.Lib.ServerThread::<.ctor>b__4_1()
FNDA:2,System.Void SpaceBattle.Lib.ServerThread::<.ctor>b__4_1()
DA:17,2
DA:18,15
DA:19,13
DA:20,13
DA:21,13
DA:22,4
BRDA:18,28,1,13
BRDA:18,28,0,2
FN:4,System.Void SpaceBattle.Lib.ServerThread::.ctor(SpaceBattle.Lib.IReceiver)
FNDA:2,System.Void SpaceBattle.Lib.ServerThread::.ctor(SpaceBattle.Lib.IReceiver)
DA:5,2
DA:8,2
DA:9,2
DA:10,2
DA:16,2
DA:23,2
LF:28
LH:28
BRF:2
BRH:2
FNF:7
FNH:7
end_of_record
SF:C:\Users\Полина\new\SpaceBattle.Lib\SoftStop.cs
FN:17,System.Void SpaceBattle.Lib.SoftStop::Execute()
FNDA:1,System.Void SpaceBattle.Lib.SoftStop::Execute()
DA:18,1
DA:19,1
DA:21,8
DA:22,13
DA:23,6
DA:24,6
DA:25,1
DA:26,1
DA:27,1
DA:28,8
DA:29,1
BRDA:22,27,0,6
BRDA:22,27,1,1
FN:5,System.Void SpaceBattle.Lib.SoftStop::.ctor(SpaceBattle.Lib.ServerThread)
FNDA:1,System.Void SpaceBattle.Lib.SoftStop::.ctor(SpaceBattle.Lib.ServerThread)
DA:6,1
DA:7,0
DA:8,0
DA:9,0
DA:10,0
FN:11,System.Void SpaceBattle.Lib.SoftStop::.ctor(SpaceBattle.Lib.ServerThread,System.Action)
FNDA:1,System.Void SpaceBattle.Lib.SoftStop::.ctor(SpaceBattle.Lib.ServerThread,System.Action)
DA:12,1
DA:13,1
DA:14,1
DA:15,1
DA:16,1
LF:21
LH:17
BRF:2
BRH:2
FNF:3
FNH:3
end_of_record
SF:C:\Users\Полина\new\SpaceBattle.Lib\StartMoveCommand.cs
FN:6,SpaceBattle.Lib.IUObject SpaceBattle.Lib.StartMoveCommand::get_u_obj()
FNDA:3,SpaceBattle.Lib.IUObject SpaceBattle.Lib.StartMoveCommand::get_u_obj()
DA:7,3
FN:7,System.Collections.Generic.Queue`1<SpaceBattle.Lib.ICommand> SpaceBattle.Lib.StartMoveCommand::get_queue()
FNDA:3,System.Collections.Generic.Queue`1<SpaceBattle.Lib.ICommand> SpaceBattle.Lib.StartMoveCommand::get_queue()
DA:8,3
FN:8,VectorSpaceBattle.Vector SpaceBattle.Lib.StartMoveCommand::get_velocity()
FNDA:2,VectorSpaceBattle.Vector SpaceBattle.Lib.StartMoveCommand::get_velocity()
DA:9,2
FN:15,System.Void SpaceBattle.Lib.StartMoveCommand::Execute()
FNDA:1,System.Void SpaceBattle.Lib.StartMoveCommand::Execute()
DA:16,1
DA:17,1
DA:18,1
DA:19,1
DA:20,1
DA:21,1
DA:23,1
DA:24,1
FN:9,System.Void SpaceBattle.Lib.StartMoveCommand::.ctor(SpaceBattle.Lib.IUObject)
FNDA:2,System.Void SpaceBattle.Lib.StartMoveCommand::.ctor(SpaceBattle.Lib.IUObject)
DA:10,2
DA:11,1
DA:12,1
DA:13,1
DA:14,1
LF:16
LH:16
BRF:0
BRH:0
FNF:5
FNH:5
end_of_record
SF:C:\Users\Полина\new\SpaceBattle.Lib\StopCommand.cs
FN:11,System.Void SpaceBattle.Lib.StopCommand::Execute()
FNDA:2,System.Void SpaceBattle.Lib.StopCommand::Execute()
DA:12,2
DA:13,2
DA:14,2
DA:15,2
DA:16,2
DA:18,0
DA:19,0
DA:21,2
BRDA:13,21,0,2
BRDA:13,21,1,0
FN:5,System.Void SpaceBattle.Lib.StopCommand::.ctor(SpaceBattle.Lib.ServerThread)
FNDA:2,System.Void SpaceBattle.Lib.StopCommand::.ctor(SpaceBattle.Lib.ServerThread)
DA:6,2
DA:7,2
DA:8,2
DA:9,2
LF:12
LH:10
BRF:2
BRH:1
FNF:2
FNH:2
end_of_record
SF:C:\Users\Полина\new\SpaceBattle.Lib\UpdateBehaviourCommand.cs
FN:12,System.Void SpaceBattle.Lib.UpdateBehaviourCommand::Execute()
FNDA:3,System.Void SpaceBattle.Lib.UpdateBehaviourCommand::Execute()
DA:13,3
DA:14,3
DA:15,3
FN:6,System.Void SpaceBattle.Lib.UpdateBehaviourCommand::.ctor(SpaceBattle.Lib.ServerThread,System.Action)
FNDA:3,System.Void SpaceBattle.Lib.UpdateBehaviourCommand::.ctor(SpaceBattle.Lib.ServerThread,System.Action)
DA:7,3
DA:8,3
DA:9,3
DA:10,3
DA:11,3
LF:8
LH:8
BRF:0
BRH:0
FNF:2
FNH:2
end_of_record