SF:C:\Users\Полина\Space_Battle__\SpaceBattle.Lib\Vector.cs
FN:22,System.String VectorSpaceBattle.Vector::ToString()
FNDA:0,System.String VectorSpaceBattle.Vector::ToString()
DA:23,0
DA:24,0
DA:26,0
DA:27,0
DA:28,0
DA:29,0
DA:31,0
DA:33,0
DA:34,0
BRDA:26,59,1,0
BRDA:26,59,0,0
FN:36,System.Boolean VectorSpaceBattle.Vector::Equals(System.Object)
FNDA:0,System.Boolean VectorSpaceBattle.Vector::Equals(System.Object)
DA:37,0
DA:38,0
DA:39,0
FN:41,System.Int32 VectorSpaceBattle.Vector::GetHashCode()
FNDA:0,System.Int32 VectorSpaceBattle.Vector::GetHashCode()
DA:42,0
DA:43,0
DA:44,0
FN:49,System.Int32 VectorSpaceBattle.Vector::get_Item(System.Int32)
FNDA:0,System.Int32 VectorSpaceBattle.Vector::get_Item(System.Int32)
DA:50,0
DA:51,0
DA:52,0
FN:53,System.Void VectorSpaceBattle.Vector::set_Item(System.Int32,System.Int32)
FNDA:0,System.Void VectorSpaceBattle.Vector::set_Item(System.Int32,System.Int32)
DA:54,0
DA:55,0
DA:56,0
FN:59,VectorSpaceBattle.Vector VectorSpaceBattle.Vector::op_Addition(VectorSpaceBattle.Vector,VectorSpaceBattle.Vector)
FNDA:0,VectorSpaceBattle.Vector VectorSpaceBattle.Vector::op_Addition(VectorSpaceBattle.Vector,VectorSpaceBattle.Vector)
DA:60,0
DA:61,0
DA:62,0
DA:63,0
DA:66,0
DA:67,0
DA:69,0
DA:70,0
DA:71,0
DA:72,0
DA:73,0
DA:75,0
BRDA:61,20,0,0
BRDA:61,20,1,0
BRDA:69,81,1,0
BRDA:69,81,0,0
FN:77,VectorSpaceBattle.Vector VectorSpaceBattle.Vector::op_Subtraction(VectorSpaceBattle.Vector,VectorSpaceBattle.Vector)
FNDA:0,VectorSpaceBattle.Vector VectorSpaceBattle.Vector::op_Subtraction(VectorSpaceBattle.Vector,VectorSpaceBattle.Vector)
DA:78,0
DA:79,0
DA:80,0
DA:81,0
DA:84,0
DA:85,0
DA:87,0
DA:88,0
DA:89,0
DA:90,0
DA:91,0
DA:93,0
BRDA:79,20,0,0
BRDA:79,20,1,0
BRDA:87,81,1,0
BRDA:87,81,0,0
FN:95,VectorSpaceBattle.Vector VectorSpaceBattle.Vector::op_Multiply(System.Int32,VectorSpaceBattle.Vector)
FNDA:0,VectorSpaceBattle.Vector VectorSpaceBattle.Vector::op_Multiply(System.Int32,VectorSpaceBattle.Vector)
DA:96,0
DA:97,0
DA:99,0
DA:100,0
DA:101,0
DA:102,0
DA:103,0
DA:104,0
BRDA:99,46,1,0
BRDA:99,46,0,0
FN:106,System.Boolean VectorSpaceBattle.Vector::op_Equality(VectorSpaceBattle.Vector,VectorSpaceBattle.Vector)
FNDA:0,System.Boolean VectorSpaceBattle.Vector::op_Equality(VectorSpaceBattle.Vector,VectorSpaceBattle.Vector)
DA:107,0
DA:108,0
DA:109,0
DA:110,0
DA:112,0
DA:113,0
DA:114,0
DA:115,0
DA:116,0
DA:118,0
DA:119,0
DA:120,0
BRDA:108,20,0,0
BRDA:108,20,1,0
BRDA:112,78,1,0
BRDA:114,53,0,0
BRDA:114,53,1,0
BRDA:112,78,0,0
FN:122,System.Boolean VectorSpaceBattle.Vector::op_Inequality(VectorSpaceBattle.Vector,VectorSpaceBattle.Vector)
FNDA:0,System.Boolean VectorSpaceBattle.Vector::op_Inequality(VectorSpaceBattle.Vector,VectorSpaceBattle.Vector)
DA:123,0
DA:124,0
DA:125,0
DA:126,0
DA:128,0
DA:129,0
BRDA:124,10,0,0
BRDA:124,10,1,0
FN:131,System.Boolean VectorSpaceBattle.Vector::op_LessThan(VectorSpaceBattle.Vector,VectorSpaceBattle.Vector)
FNDA:0,System.Boolean VectorSpaceBattle.Vector::op_LessThan(VectorSpaceBattle.Vector,VectorSpaceBattle.Vector)
DA:132,0
DA:133,0
DA:134,0
DA:135,0
DA:138,0
DA:139,0
DA:140,0
DA:142,0
DA:143,0
DA:144,0
DA:145,0
DA:146,0
DA:148,0
DA:149,0
DA:150,0
BRDA:133,10,0,0
BRDA:133,10,1,0
BRDA:138,33,0,0
BRDA:138,33,1,0
BRDA:142,90,1,0
BRDA:144,65,0,0
BRDA:144,65,1,0
BRDA:142,90,0,0
FN:152,System.Boolean VectorSpaceBattle.Vector::op_GreaterThan(VectorSpaceBattle.Vector,VectorSpaceBattle.Vector)
FNDA:0,System.Boolean VectorSpaceBattle.Vector::op_GreaterThan(VectorSpaceBattle.Vector,VectorSpaceBattle.Vector)
DA:153,0
DA:154,0
DA:155,0
FN:7,System.Void VectorSpaceBattle.Vector::.ctor(System.Int32[])
FNDA:0,System.Void VectorSpaceBattle.Vector::.ctor(System.Int32[])
DA:8,0
DA:9,0
DA:10,0
DA:11,0
DA:12,0
DA:14,0
DA:15,0
DA:16,0
DA:17,0
DA:18,0
DA:19,0
DA:20,0
BRDA:10,15,0,0
BRDA:10,15,1,0
BRDA:16,87,1,0
BRDA:16,87,0,0
LF:101
LH:0
BRF:32
BRH:0
FNF:13
FNH:0
end_of_record
SF:C:\Users\Полина\Space_Battle__\SpaceBattle.Lib\ActionCommand.cs
FN:12,System.Void SpaceBattle.Lib.ActionCommand::Execute()
FNDA:0,System.Void SpaceBattle.Lib.ActionCommand::Execute()
DA:13,0
DA:14,0
DA:15,0
FN:6,System.Void SpaceBattle.Lib.ActionCommand::.ctor(System.Action)
FNDA:0,System.Void SpaceBattle.Lib.ActionCommand::.ctor(System.Action)
DA:7,0
DA:8,0
DA:9,0
DA:11,0
LF:7
LH:0
BRF:0
BRH:0
FNF:2
FNH:0
end_of_record
SF:C:\Users\Полина\Space_Battle__\SpaceBattle.Lib\AddCommand.cs
FN:4,SpaceBattle.Lib.ICommand SpaceBattle.Lib.AddCommand::get_command()
FNDA:0,SpaceBattle.Lib.ICommand SpaceBattle.Lib.AddCommand::get_command()
DA:5,0
FN:5,System.Collections.Generic.Queue`1<SpaceBattle.Lib.ICommand> SpaceBattle.Lib.AddCommand::get_queue()
FNDA:0,System.Collections.Generic.Queue`1<SpaceBattle.Lib.ICommand> SpaceBattle.Lib.AddCommand::get_queue()
DA:6,0
FN:13,System.Void SpaceBattle.Lib.AddCommand::Execute()
FNDA:0,System.Void SpaceBattle.Lib.AddCommand::Execute()
DA:14,0
DA:15,0
DA:16,0
DA:17,0
FN:6,System.Void SpaceBattle.Lib.AddCommand::.ctor(SpaceBattle.Lib.ICommand,System.Collections.Generic.Queue`1<SpaceBattle.Lib.ICommand>)
FNDA:0,System.Void SpaceBattle.Lib.AddCommand::.ctor(SpaceBattle.Lib.ICommand,System.Collections.Generic.Queue`1<SpaceBattle.Lib.ICommand>)
DA:7,0
DA:8,0
DA:9,0
DA:10,0
DA:11,0
LF:11
LH:0
BRF:0
BRH:0
FNF:4
FNH:0
end_of_record
SF:C:\Users\Полина\Space_Battle__\SpaceBattle.Lib\HardStop.cs
FN:10,System.Void SpaceBattle.Lib.HardStop::Execute()
FNDA:0,System.Void SpaceBattle.Lib.HardStop::Execute()
DA:11,0
DA:12,0
DA:13,0
DA:14,0
FN:5,System.Void SpaceBattle.Lib.HardStop::.ctor(SpaceBattle.Lib.ServerThread)
FNDA:0,System.Void SpaceBattle.Lib.HardStop::.ctor(SpaceBattle.Lib.ServerThread)
DA:6,0
DA:7,0
DA:8,0
DA:9,0
LF:8
LH:0
BRF:0
BRH:0
FNF:2
FNH:0
end_of_record
SF:C:\Users\Полина\Space_Battle__\SpaceBattle.Lib\MacroCommand.cs
FN:4,System.Collections.Generic.List`1<SpaceBattle.Lib.ICommand> SpaceBattle.Lib.MacroCommand::get_commands()
FNDA:0,System.Collections.Generic.List`1<SpaceBattle.Lib.ICommand> SpaceBattle.Lib.MacroCommand::get_commands()
DA:5,0
FN:10,System.Void SpaceBattle.Lib.MacroCommand::Execute()
FNDA:0,System.Void SpaceBattle.Lib.MacroCommand::Execute()
DA:11,0
DA:12,0
DA:13,0
DA:14,0
DA:15,0
DA:16,0
BRDA:12,40,1,0
BRDA:12,40,0,0
FN:5,System.Void SpaceBattle.Lib.MacroCommand::.ctor(System.Collections.Generic.List`1<SpaceBattle.Lib.ICommand>)
FNDA:0,System.Void SpaceBattle.Lib.MacroCommand::.ctor(System.Collections.Generic.List`1<SpaceBattle.Lib.ICommand>)
DA:6,0
DA:7,0
DA:8,0
LF:10
LH:0
BRF:2
BRH:0
FNF:3
FNH:0
end_of_record
SF:C:\Users\Полина\Space_Battle__\SpaceBattle.Lib\MacroStrategy.cs
FN:7,SpaceBattle.Lib.ICommand SpaceBattle.Lib.MacroStrategy::MacroStrategyCommand(System.Object[])
FNDA:0,SpaceBattle.Lib.ICommand SpaceBattle.Lib.MacroStrategy::MacroStrategyCommand(System.Object[])
DA:8,0
DA:9,0
DA:10,0
DA:12,0
DA:13,0
DA:15,0
DA:16,0
DA:17,0
DA:18,0
DA:20,0
DA:21,0
BRDA:15,120,1,0
BRDA:15,120,0,0
LF:11
LH:0
BRF:2
BRH:0
FNF:1
FNH:0
end_of_record
SF:C:\Users\Полина\Space_Battle__\SpaceBattle.Lib\MovableAdapter.cs
FN:7,System.Void SpaceBattle.Lib.MovableAdapter::set_position(VectorSpaceBattle.Vector)
FNDA:0,System.Void SpaceBattle.Lib.MovableAdapter::set_position(VectorSpaceBattle.Vector)
DA:8,0
FN:8,VectorSpaceBattle.Vector SpaceBattle.Lib.MovableAdapter::get_velocity()
FNDA:0,VectorSpaceBattle.Vector SpaceBattle.Lib.MovableAdapter::get_velocity()
DA:9,0
FN:9,System.Void SpaceBattle.Lib.MovableAdapter::.ctor(System.Object[])
FNDA:0,System.Void SpaceBattle.Lib.MovableAdapter::.ctor(System.Object[])
DA:10,0
DA:11,0
DA:12,0
DA:13,0
DA:14,0
LF:7
LH:0
BRF:0
BRH:0
FNF:3
FNH:0
end_of_record
SF:C:\Users\Полина\Space_Battle__\SpaceBattle.Lib\MoveCommand.cs
FN:10,System.Void SpaceBattle.Lib.MoveCommand::Execute()
FNDA:0,System.Void SpaceBattle.Lib.MoveCommand::Execute()
DA:11,0
DA:12,0
DA:13,0
FN:5,System.Void SpaceBattle.Lib.MoveCommand::.ctor(SpaceBattle.Lib.IMovable)
FNDA:0,System.Void SpaceBattle.Lib.MoveCommand::.ctor(SpaceBattle.Lib.IMovable)
DA:6,0
DA:7,0
DA:8,0
DA:9,0
LF:7
LH:0
BRF:0
BRH:0
FNF:2
FNH:0
end_of_record
SF:C:\Users\Полина\Space_Battle__\SpaceBattle.Lib\ServerThread.cs
FN:24,System.Void SpaceBattle.Lib.ServerThread::HandleCommand()
FNDA:0,System.Void SpaceBattle.Lib.ServerThread::HandleCommand()
DA:25,0
DA:26,0
DA:27,0
DA:28,0
FN:30,System.Void SpaceBattle.Lib.ServerThread::UpdateBehaviour(System.Action)
FNDA:0,System.Void SpaceBattle.Lib.ServerThread::UpdateBehaviour(System.Action)
DA:31,0
DA:32,0
DA:33,0
FN:35,System.Void SpaceBattle.Lib.ServerThread::Stop()
FNDA:0,System.Void SpaceBattle.Lib.ServerThread::Stop()
DA:36,0
DA:37,0
DA:38,0
FN:38,System.Void SpaceBattle.Lib.ServerThread::Execute()
FNDA:0,System.Void SpaceBattle.Lib.ServerThread::Execute()
DA:39,0
DA:40,0
DA:41,0
FN:11,System.Void SpaceBattle.Lib.ServerThread::<.ctor>b__4_0()
FNDA:0,System.Void SpaceBattle.Lib.ServerThread::<.ctor>b__4_0()
DA:12,0
DA:13,0
DA:14,0
FN:16,System.Void SpaceBattle.Lib.ServerThread::<.ctor>b__4_1()
FNDA:0,System.Void SpaceBattle.Lib.ServerThread::<.ctor>b__4_1()
DA:17,0
DA:18,0
DA:19,0
DA:20,0
DA:21,0
DA:22,0
BRDA:18,28,1,0
BRDA:18,28,0,0
FN:4,System.Void SpaceBattle.Lib.ServerThread::.ctor(SpaceBattle.Lib.IReceiver)
FNDA:0,System.Void SpaceBattle.Lib.ServerThread::.ctor(SpaceBattle.Lib.IReceiver)
DA:5,0
DA:8,0
DA:9,0
DA:10,0
DA:16,0
DA:23,0
LF:28
LH:0
BRF:2
BRH:0
FNF:7
FNH:0
end_of_record
SF:C:\Users\Полина\Space_Battle__\SpaceBattle.Lib\SoftStop.cs
FN:18,System.Void SpaceBattle.Lib.SoftStop::Execute()
FNDA:0,System.Void SpaceBattle.Lib.SoftStop::Execute()
DA:19,0
DA:20,0
DA:22,0
DA:23,0
DA:24,0
DA:25,0
DA:26,0
DA:27,0
DA:28,0
DA:29,0
DA:30,0
BRDA:23,27,0,0
BRDA:23,27,1,0
FN:6,System.Void SpaceBattle.Lib.SoftStop::.ctor(SpaceBattle.Lib.ServerThread)
FNDA:0,System.Void SpaceBattle.Lib.SoftStop::.ctor(SpaceBattle.Lib.ServerThread)
DA:7,0
DA:8,0
DA:9,0
DA:10,0
DA:11,0
FN:12,System.Void SpaceBattle.Lib.SoftStop::.ctor(SpaceBattle.Lib.ServerThread,System.Action)
FNDA:0,System.Void SpaceBattle.Lib.SoftStop::.ctor(SpaceBattle.Lib.ServerThread,System.Action)
DA:13,0
DA:14,0
DA:15,0
DA:16,0
DA:17,0
LF:21
LH:0
BRF:2
BRH:0
FNF:3
FNH:0
end_of_record
SF:C:\Users\Полина\Space_Battle__\SpaceBattle.Lib\StartMoveCommand.cs
FN:6,SpaceBattle.Lib.IUObject SpaceBattle.Lib.StartMoveCommand::get_u_obj()
FNDA:0,SpaceBattle.Lib.IUObject SpaceBattle.Lib.StartMoveCommand::get_u_obj()
DA:7,0
FN:7,System.Collections.Generic.Queue`1<SpaceBattle.Lib.ICommand> SpaceBattle.Lib.StartMoveCommand::get_queue()
FNDA:0,System.Collections.Generic.Queue`1<SpaceBattle.Lib.ICommand> SpaceBattle.Lib.StartMoveCommand::get_queue()
DA:8,0
FN:8,VectorSpaceBattle.Vector SpaceBattle.Lib.StartMoveCommand::get_velocity()
FNDA:0,VectorSpaceBattle.Vector SpaceBattle.Lib.StartMoveCommand::get_velocity()
DA:9,0
FN:15,System.Void SpaceBattle.Lib.StartMoveCommand::Execute()
FNDA:0,System.Void SpaceBattle.Lib.StartMoveCommand::Execute()
DA:16,0
DA:17,0
DA:18,0
DA:19,0
DA:20,0
DA:21,0
DA:23,0
DA:24,0
FN:9,System.Void SpaceBattle.Lib.StartMoveCommand::.ctor(SpaceBattle.Lib.IUObject)
FNDA:0,System.Void SpaceBattle.Lib.StartMoveCommand::.ctor(SpaceBattle.Lib.IUObject)
DA:10,0
DA:11,0
DA:12,0
DA:13,0
DA:14,0
LF:16
LH:0
BRF:0
BRH:0
FNF:5
FNH:0
end_of_record
SF:C:\Users\Полина\Space_Battle__\SpaceBattle.Lib\StopCommand.cs
FN:11,System.Void SpaceBattle.Lib.StopCommand::Execute()
FNDA:0,System.Void SpaceBattle.Lib.StopCommand::Execute()
DA:12,0
DA:13,0
DA:14,0
DA:15,0
DA:16,0
DA:18,0
DA:19,0
DA:21,0
BRDA:13,21,0,0
BRDA:13,21,1,0
FN:5,System.Void SpaceBattle.Lib.StopCommand::.ctor(SpaceBattle.Lib.ServerThread)
FNDA:0,System.Void SpaceBattle.Lib.StopCommand::.ctor(SpaceBattle.Lib.ServerThread)
DA:6,0
DA:7,0
DA:8,0
DA:9,0
LF:12
LH:0
BRF:2
BRH:0
FNF:2
FNH:0
end_of_record
SF:C:\Users\Полина\Space_Battle__\SpaceBattle.Lib\UpdateBehaviourCommand.cs
FN:12,System.Void SpaceBattle.Lib.UpdateBehaviourCommand::Execute()
FNDA:0,System.Void SpaceBattle.Lib.UpdateBehaviourCommand::Execute()
DA:13,0
DA:14,0
DA:15,0
FN:6,System.Void SpaceBattle.Lib.UpdateBehaviourCommand::.ctor(SpaceBattle.Lib.ServerThread,System.Action)
FNDA:0,System.Void SpaceBattle.Lib.UpdateBehaviourCommand::.ctor(SpaceBattle.Lib.ServerThread,System.Action)
DA:7,0
DA:8,0
DA:9,0
DA:10,0
DA:11,0
LF:8
LH:0
BRF:0
BRH:0
FNF:2
FNH:0
end_of_record